<?xml version="1.0" encoding="UTF-8"?>
<Site BuildName="Linux-c++"
	BuildStamp="20250716-1709-Experimental"
	Name="TheImp"
	Generator="ctest-3.22.1"
	CompilerName="/usr/bin/c++"
	CompilerVersion="11.4.0"
	OSName="Linux"
	Hostname="TheImp"
	OSRelease="6.6.87.2-microsoft-standard-WSL2"
	OSVersion="#1 SMP PREEMPT_DYNAMIC Thu Jun  5 18:30:46 UTC 2025"
	OSPlatform="x86_64"
	Is64Bits="1"
	VendorString="AuthenticAMD"
	VendorID="Advanced Micro Devices"
	FamilyID="23"
	ModelID="104"
	ProcessorCacheSize="512"
	NumberOfLogicalCPU="16"
	NumberOfPhysicalCPU="8"
	TotalVirtualMemory="2048"
	TotalPhysicalMemory="7628"
	LogicalProcessorsPerPhysical="2"
	ProcessorClockFrequency="1796.56"
	>
	<Testing>
		<StartDateTime>Jul 16 20:09 EEST</StartDateTime>
		<StartTestTime>1752685772</StartTestTime>
		<TestList/>
		<EndDateTime>Jul 16 20:09 EEST</EndDateTime>
		<EndTestTime>1752685772</EndTestTime>
		<ElapsedMinutes>0</ElapsedMinutes>
	</Testing>
</Site>
